Using pre-set license
Built from '2022.3/staging' branch; Version is '2022.3.4f1 (35713cd46cd7) revision 3502396'; Using compiler version '192829333'; Build Type 'Release'
OS: 'Windows 11  (10.0.22621) 64bit Professional' Language: 'pl' Physical Memory: 16296 MB
BatchMode: 1, IsHumanControllingUs: 0, StartBugReporterOnCrash: 0, Is64bit: 1, IsPro: 1

COMMAND LINE ARGUMENTS:
H:\Programy\Unity\2022.3.4f1\Editor\Unity.exe
-adb2
-batchMode
-noUpm
-name
AssetImportWorker8
-projectPath
H:/Projekty/fps-game/FPS Game
-logFile
Logs/AssetImportWorker8.log
-srvPort
60555
Successfully changed project path to: H:/Projekty/fps-game/FPS Game
H:/Projekty/fps-game/FPS Game
[UnityMemory] Configuration Parameters - Can be set up in boot.config
    "memorysetup-bucket-allocator-granularity=16"
    "memorysetup-bucket-allocator-bucket-count=8"
    "memorysetup-bucket-allocator-block-size=33554432"
    "memorysetup-bucket-allocator-block-count=8"
    "memorysetup-main-allocator-block-size=16777216"
    "memorysetup-thread-allocator-block-size=16777216"
    "memorysetup-gfx-main-allocator-block-size=16777216"
    "memorysetup-gfx-thread-allocator-block-size=16777216"
    "memorysetup-cache-allocator-block-size=4194304"
    "memorysetup-typetree-allocator-block-size=2097152"
    "memorysetup-profiler-bucket-allocator-granularity=16"
    "memorysetup-profiler-bucket-allocator-bucket-count=8"
    "memorysetup-profiler-bucket-allocator-block-size=33554432"
    "memorysetup-profiler-bucket-allocator-block-count=8"
    "memorysetup-profiler-allocator-block-size=16777216"
    "memorysetup-profiler-editor-allocator-block-size=1048576"
    "memorysetup-temp-allocator-size-main=16777216"
    "memorysetup-job-temp-allocator-block-size=2097152"
    "memorysetup-job-temp-allocator-block-size-background=1048576"
    "memorysetup-job-temp-allocator-reduction-small-platforms=262144"
    "memorysetup-allocator-temp-initial-block-size-main=262144"
    "memorysetup-allocator-temp-initial-block-size-worker=262144"
    "memorysetup-temp-allocator-size-background-worker=32768"
    "memorysetup-temp-allocator-size-job-worker=262144"
    "memorysetup-temp-allocator-size-preload-manager=33554432"
    "memorysetup-temp-allocator-size-nav-mesh-worker=65536"
    "memorysetup-temp-allocator-size-audio-worker=65536"
    "memorysetup-temp-allocator-size-cloud-worker=32768"
    "memorysetup-temp-allocator-size-gi-baking-worker=262144"
    "memorysetup-temp-allocator-size-gfx=262144"
Player connection [28260] Host "[IP] 192.168.0.177 [Port] 0 [Flags] 2 [Guid] 3555886984 [EditorId] 3555886984 [Version] 1048832 [Id] WindowsEditor(7,DESKTOP-HNJ3IR8) [Debug] 1 [PackageName] WindowsEditor [ProjectName] Editor" joined multi-casting on [225.0.0.222:54997]...

Player connection [28260] Host "[IP] 192.168.0.177 [Port] 0 [Flags] 2 [Guid] 3555886984 [EditorId] 3555886984 [Version] 1048832 [Id] WindowsEditor(7,DESKTOP-HNJ3IR8) [Debug] 1 [PackageName] WindowsEditor [ProjectName] Editor" joined alternative multi-casting on [225.0.0.222:34997]...

Refreshing native plugins compatible for Editor in 29.19 ms, found 3 plugins.
Preloading 0 native plugins for Editor in 0.00 ms.
Initialize engine version: 2022.3.4f1 (35713cd46cd7)
[Subsystems] Discovering subsystems at path H:/Programy/Unity/2022.3.4f1/Editor/Data/Resources/UnitySubsystems
[Subsystems] Discovering subsystems at path H:/Projekty/fps-game/FPS Game/Assets
GfxDevice: creating device client; threaded=0; jobified=0
Direct3D:
    Version:  Direct3D 11.0 [level 11.1]
    Renderer: NVIDIA GeForce RTX 3060 (ID=0x2504)
    Vendor:   NVIDIA
    VRAM:     12129 MB
    Driver:   31.0.15.3640
Shader 'WFX/Transparent Diffuse': fallback shader 'Particles/Alpha Blended' not found
Shader 'WFX/Transparent Specular': fallback shader 'Particles/Alpha Blended' not found
Initialize mono
Mono path[0] = 'H:/Programy/Unity/2022.3.4f1/Editor/Data/Managed'
Mono path[1] = 'H:/Programy/Unity/2022.3.4f1/Editor/Data/MonoBleedingEdge/lib/mono/unityjit-win32'
Mono config path = 'H:/Programy/Unity/2022.3.4f1/Editor/Data/MonoBleedingEdge/etc'
Using monoOptions --debugger-agent=transport=dt_socket,embedding=1,server=y,suspend=n,address=127.0.0.1:56428
Begin MonoManager ReloadAssembly
Registering precompiled unity dll's ...
Register platform support module: H:/Programy/Unity/2022.3.4f1/Editor/Data/PlaybackEngines/WindowsStandaloneSupport/UnityEditor.WindowsStandalone.Extensions.dll
Registered in 0.012647 seconds.
- Loaded All Assemblies, in  0.863 seconds
Native extension for WindowsStandalone target not found
Mono: successfully reloaded assembly
- Finished resetting the current domain, in  0.545 seconds
Domain Reload Profiling: 1408ms
	BeginReloadAssembly (248ms)
		ExecutionOrderSort (0ms)
		DisableScriptedObjects (0ms)
		BackupInstance (0ms)
		ReleaseScriptingObjects (0ms)
		CreateAndSetChildDomain (1ms)
	RebuildCommonClasses (72ms)
	RebuildNativeTypeToScriptingClass (20ms)
	initialDomainReloadingComplete (131ms)
	LoadAllAssembliesAndSetupDomain (392ms)
		LoadAssemblies (247ms)
		RebuildTransferFunctionScriptingTraits (0ms)
		AnalyzeDomain (386ms)
			TypeCache.Refresh (385ms)
				TypeCache.ScanAssembly (359ms)
			ScanForSourceGeneratedMonoScriptInfo (0ms)
			ResolveRequiredComponents (1ms)
	FinalizeReload (545ms)
		ReleaseScriptCaches (0ms)
		RebuildScriptCaches (0ms)
		SetupLoadedEditorAssemblies (423ms)
			LogAssemblyErrors (0ms)
			InitializePlatformSupportModulesInManaged (15ms)
			SetLoadedEditorAssemblies (20ms)
			RefreshPlugins (0ms)
			BeforeProcessingInitializeOnLoad (4ms)
			ProcessInitializeOnLoadAttributes (285ms)
			ProcessInitializeOnLoadMethodAttributes (100ms)
			AfterProcessingInitializeOnLoad (0ms)
			EditorAssembliesLoaded (0ms)
		ExecutionOrderSort2 (0ms)
		AwakeInstancesAfterBackupRestoration (0ms)
========================================================================
Worker process is ready to serve import requests
Begin MonoManager ReloadAssembly
Symbol file LoadedFromMemory doesn't match image H:\Projekty\fps-game\FPS Game\Library\PackageCache\com.unity.visualscripting@1.8.0\Editor\VisualScripting.Core\Dependencies\YamlDotNet\Unity.VisualScripting.YamlDotNet.dll
Symbol file LoadedFromMemory doesn't match image H:\Projekty\fps-game\FPS Game\Library\PackageCache\com.unity.visualscripting@1.8.0\Editor\VisualScripting.Core\Dependencies\DotNetZip\Unity.VisualScripting.IonicZip.dll
- Loaded All Assemblies, in  2.036 seconds
Refreshing native plugins compatible for Editor in 24.57 ms, found 3 plugins.
Native extension for WindowsStandalone target not found
Mono: successfully reloaded assembly
- Finished resetting the current domain, in  1.454 seconds
Domain Reload Profiling: 3489ms
	BeginReloadAssembly (372ms)
		ExecutionOrderSort (0ms)
		DisableScriptedObjects (10ms)
		BackupInstance (0ms)
		ReleaseScriptingObjects (0ms)
		CreateAndSetChildDomain (38ms)
	RebuildCommonClasses (74ms)
	RebuildNativeTypeToScriptingClass (19ms)
	initialDomainReloadingComplete (72ms)
	LoadAllAssembliesAndSetupDomain (1498ms)
		LoadAssemblies (883ms)
		RebuildTransferFunctionScriptingTraits (0ms)
		AnalyzeDomain (855ms)
			TypeCache.Refresh (777ms)
				TypeCache.ScanAssembly (733ms)
			ScanForSourceGeneratedMonoScriptInfo (53ms)
			ResolveRequiredComponents (25ms)
	FinalizeReload (1455ms)
		ReleaseScriptCaches (0ms)
		RebuildScriptCaches (0ms)
		SetupLoadedEditorAssemblies (1088ms)
			LogAssemblyErrors (0ms)
			InitializePlatformSupportModulesInManaged (14ms)
			SetLoadedEditorAssemblies (12ms)
			RefreshPlugins (0ms)
			BeforeProcessingInitializeOnLoad (271ms)
			ProcessInitializeOnLoadAttributes (617ms)
			ProcessInitializeOnLoadMethodAttributes (165ms)
			AfterProcessingInitializeOnLoad (8ms)
			EditorAssembliesLoaded (0ms)
		ExecutionOrderSort2 (0ms)
		AwakeInstancesAfterBackupRestoration (14ms)
Shader 'WFX/Transparent Diffuse': fallback shader 'Particles/Alpha Blended' not found
Shader 'WFX/Transparent Specular': fallback shader 'Particles/Alpha Blended' not found
Launched and connected shader compiler UnityShaderCompiler.exe after 0.24 seconds
Refreshing native plugins compatible for Editor in 7.86 ms, found 3 plugins.
Preloading 0 native plugins for Editor in 0.00 ms.
Unloading 5463 Unused Serialized files (Serialized files now loaded: 0)
Unloading 72 unused Assets / (0.7 MB). Loaded Objects now: 5948.
Memory consumption went from 225.9 MB to 225.2 MB.
Total: 7.494100 ms (FindLiveObjects: 1.520400 ms CreateObjectMapping: 1.099600 ms MarkObjects: 4.167600 ms  DeleteObjects: 0.705200 ms)

AssetImportParameters requested are different than current active one (requested -> active):
  custom:container-demuxer-ogg: 62fdf1f143b41e24485cea50d1cbac27 -> 
  custom:video-decoder-ogg-theora: a1e56fd34408186e4bbccfd4996cb3dc -> 
  custom:framework-win-MediaFoundation: 216162199b28c13a410421893ffa2e32 -> 
  custom:CustomObjectIndexerAttribute: a3ef5dd2817f97addfee359851a9dba5 -> 
  custom:container-demuxer-webm: 4f35f7cbe854078d1ac9338744f61a02 -> 
  custom:container-muxer-webm: aa71ff27fc2769a1b78a27578f13a17b -> 
  custom:video-decoder-webm-vp8: 9c59270c3fd7afecdb556c50c9e8de78 -> 
  custom:AudioImporter_EditorPlatform: d09bf68614088b80899f8185d706f6e7 -> 
  custom:video-encoder-webm-vp8: eb34c28f22e8b96e1ab97ce403110664 -> 
  custom:audio-decoder-ogg-vorbis: bf7c407c2cedff20999df2af8eb42d56 -> 
  custom:audio-encoder-webm-vorbis: bf7c407c2cedff20999df2af8eb42d56 -> 
========================================================================
Received Import Request.
  Time since last request: 8692.965370 seconds.
  path: Assets/JMO Assets/WarFX/_Effects/Bullet Impacts/WFX_BImpact Wood.prefab
  artifactKey: Guid(ac1aa04288fad804ba1cd769f4377aaf) Importer(2089858483,0ecaa5967403d082aa24f35e1b516d23)
Start importing Assets/JMO Assets/WarFX/_Effects/Bullet Impacts/WFX_BImpact Wood.prefab using Guid(ac1aa04288fad804ba1cd769f4377aaf) Importer(2089858483,0ecaa5967403d082aa24f35e1b516d23) Generated GUIDs only implemented for interfaces!
 -> (artifact id: '93728b0526e4172789a8dd78a14acefe') in 1.581438 seconds
Number of updated asset objects reloaded before import = 0
Number of asset objects unloaded after import = 15
========================================================================
Received Import Request.
  Time since last request: 0.000782 seconds.
  path: Assets/Settings/URP-Performant-Renderer.asset
  artifactKey: Guid(707360a9c581a4bd7aa53bfeb1429f71) Importer(2089858483,0ecaa5967403d082aa24f35e1b516d23)
Start importing Assets/Settings/URP-Performant-Renderer.asset using Guid(707360a9c581a4bd7aa53bfeb1429f71) Importer(2089858483,0ecaa5967403d082aa24f35e1b516d23) Generated GUIDs only implemented for interfaces!
 -> (artifact id: '64380c1efbbfff68db3e8b057b2992ce') in 0.146260 seconds
Number of updated asset objects reloaded before import = 0
Number of asset objects unloaded after import = 47
========================================================================
Received Import Request.
  Time since last request: 0.000025 seconds.
  path: Assets/JMO Assets/WarFX/Desktop/Materials/Bullet Holes/WFX_BulletHole Wood Lighted.mat
  artifactKey: Guid(a1c66968b3879fd43abd0238bae09c97) Importer(2089858483,0ecaa5967403d082aa24f35e1b516d23)
Start importing Assets/JMO Assets/WarFX/Desktop/Materials/Bullet Holes/WFX_BulletHole Wood Lighted.mat using Guid(a1c66968b3879fd43abd0238bae09c97) Importer(2089858483,0ecaa5967403d082aa24f35e1b516d23) Generated GUIDs only implemented for interfaces!
 -> (artifact id: '68bc23f79f33c15f58b85bcb351c531b') in 0.051574 seconds
Number of updated asset objects reloaded before import = 0
Number of asset objects unloaded after import = 2
========================================================================
Received Import Request.
  Time since last request: 0.000021 seconds.
  path: Assets/JMO Assets/WarFX/_Effects (Mobile)/Bullet Impacts/WFXMR_BImpact Metal.prefab
  artifactKey: Guid(e74af37e539075d428c1f7bd8cdb781d) Importer(2089858483,3d70f49cd1c2eb9ae422958d1c652c6b)
Start importing Assets/JMO Assets/WarFX/_Effects (Mobile)/Bullet Impacts/WFXMR_BImpact Metal.prefab using Guid(e74af37e539075d428c1f7bd8cdb781d) Importer(2089858483,3d70f49cd1c2eb9ae422958d1c652c6b) Generated GUIDs only implemented for interfaces!
 -> (artifact id: 'aed21a18a091f9bf1414a0ae30e20c72') in 0.053610 seconds
Number of updated asset objects reloaded before import = 0
Number of asset objects unloaded after import = 12
========================================================================
Received Import Request.
  Time since last request: 0.000042 seconds.
  path: Assets/JMO Assets/WarFX/_Effects/Fire/WFX_FlameThrower.prefab
  artifactKey: Guid(b8f9e29cc9e6dcf4387b96b6dacc819e) Importer(2089858483,0ecaa5967403d082aa24f35e1b516d23)
Start importing Assets/JMO Assets/WarFX/_Effects/Fire/WFX_FlameThrower.prefab using Guid(b8f9e29cc9e6dcf4387b96b6dacc819e) Importer(2089858483,0ecaa5967403d082aa24f35e1b516d23) Generated GUIDs only implemented for interfaces!
 -> (artifact id: 'f01e47c54bf5991b88757a4cbef5f365') in 0.180422 seconds
Number of updated asset objects reloaded before import = 0
Number of asset objects unloaded after import = 11
========================================================================
Received Import Request.
  Time since last request: 0.000019 seconds.
  path: Assets/_Scripts/ProjectileGun.cs
  artifactKey: Guid(30a9c24cf27e8f64a94b8fd8e97485f4) Importer(2089858483,0ecaa5967403d082aa24f35e1b516d23)
Start importing Assets/_Scripts/ProjectileGun.cs using Guid(30a9c24cf27e8f64a94b8fd8e97485f4) Importer(2089858483,0ecaa5967403d082aa24f35e1b516d23) Generated GUIDs only implemented for interfaces!
 -> (artifact id: '3a40ed07e5a46f2d164924a01c5a72e9') in 0.033280 seconds
Number of updated asset objects reloaded before import = 0
Number of asset objects unloaded after import = 1
========================================================================
Received Import Request.
  Time since last request: 0.000025 seconds.
  path: Assets/TextMesh Pro/Examples & Extras/Resources/Color Gradient Presets/Dark to Light Green - Vertical.asset
  artifactKey: Guid(4c86a3366cd840348ebe8dc438570ee4) Importer(2089858483,0ecaa5967403d082aa24f35e1b516d23)
Start importing Assets/TextMesh Pro/Examples & Extras/Resources/Color Gradient Presets/Dark to Light Green - Vertical.asset using Guid(4c86a3366cd840348ebe8dc438570ee4) Importer(2089858483,0ecaa5967403d082aa24f35e1b516d23) Generated GUIDs only implemented for interfaces!
 -> (artifact id: '306bb03d93b62ffd3a11895af4878e24') in 0.029328 seconds
Number of updated asset objects reloaded before import = 0
Number of asset objects unloaded after import = 1
========================================================================
Received Import Request.
  Time since last request: 0.000027 seconds.
  path: Assets/JMO Assets/WarFX/Desktop/Materials/Smoke/WFX_M_SmokeSpikeStretched.mat
  artifactKey: Guid(5c8ba5bc91b214f4b878b96136b4d1fa) Importer(2089858483,0ecaa5967403d082aa24f35e1b516d23)
Start importing Assets/JMO Assets/WarFX/Desktop/Materials/Smoke/WFX_M_SmokeSpikeStretched.mat using Guid(5c8ba5bc91b214f4b878b96136b4d1fa) Importer(2089858483,0ecaa5967403d082aa24f35e1b516d23) Generated GUIDs only implemented for interfaces!
 -> (artifact id: '6a33506365500d81534db98d26b3b98c') in 0.041280 seconds
Number of updated asset objects reloaded before import = 0
Number of asset objects unloaded after import = 2
========================================================================
Received Import Request.
  Time since last request: 0.000135 seconds.
  path: Assets/JMO Assets/WarFX/Desktop/Textures/Bullet Holes/WFX_T_BulletHoles Wood.tga
  artifactKey: Guid(89d0c674ad2352b469bf11932fcb9711) Importer(2089858483,0ecaa5967403d082aa24f35e1b516d23)
Start importing Assets/JMO Assets/WarFX/Desktop/Textures/Bullet Holes/WFX_T_BulletHoles Wood.tga using Guid(89d0c674ad2352b469bf11932fcb9711) Importer(2089858483,0ecaa5967403d082aa24f35e1b516d23) Generated GUIDs only implemented for interfaces!
 -> (artifact id: '4f8cbb33176a00fb45ae44ba495224f1') in 0.169535 seconds
Number of updated asset objects reloaded before import = 0
Number of asset objects unloaded after import = 1
========================================================================
Received Import Request.
  Time since last request: 0.000657 seconds.
  path: Assets/JMO Assets/WarFX/Desktop/Materials/Misc/WFX_M_GlowPalet Add.mat
  artifactKey: Guid(0f995b3145e0e7247a42da6cef1dbf23) Importer(2089858483,0ecaa5967403d082aa24f35e1b516d23)
Start importing Assets/JMO Assets/WarFX/Desktop/Materials/Misc/WFX_M_GlowPalet Add.mat using Guid(0f995b3145e0e7247a42da6cef1dbf23) Importer(2089858483,0ecaa5967403d082aa24f35e1b516d23) Generated GUIDs only implemented for interfaces!
 -> (artifact id: '93853aa05ea0ad9dae86fe08884da22a') in 0.039702 seconds
Number of updated asset objects reloaded before import = 0
Number of asset objects unloaded after import = 2
========================================================================
Received Import Request.
  Time since last request: 0.001708 seconds.
  path: Assets/JMO Assets/WarFX/Demo/Assets/WFX_Demo_T_Wood.tga
  artifactKey: Guid(0938b4bdb94798b4896d7a4ab653e85e) Importer(2089858483,0ecaa5967403d082aa24f35e1b516d23)
Start importing Assets/JMO Assets/WarFX/Demo/Assets/WFX_Demo_T_Wood.tga using Guid(0938b4bdb94798b4896d7a4ab653e85e) Importer(2089858483,0ecaa5967403d082aa24f35e1b516d23) Generated GUIDs only implemented for interfaces!
 -> (artifact id: '0a53f804a041d8a646bee11c3af893e5') in 0.054898 seconds
Number of updated asset objects reloaded before import = 0
Number of asset objects unloaded after import = 1
========================================================================
Received Import Request.
  Time since last request: 0.000021 seconds.
  path: Assets/JMO Assets/WarFX/_Effects/Bullet Impacts/+ Bullet Hole/Unlit/WFX_BImpact Concrete NoCollision + Hole Unlit.prefab
  artifactKey: Guid(cfcd690db7ce26548af4f6d7bb536b02) Importer(2089858483,3d70f49cd1c2eb9ae422958d1c652c6b)
Start importing Assets/JMO Assets/WarFX/_Effects/Bullet Impacts/+ Bullet Hole/Unlit/WFX_BImpact Concrete NoCollision + Hole Unlit.prefab using Guid(cfcd690db7ce26548af4f6d7bb536b02) Importer(2089858483,3d70f49cd1c2eb9ae422958d1c652c6b) Generated GUIDs only implemented for interfaces!
 -> (artifact id: 'f04b10b8c7ee7964bb810705bfdccdb8') in 0.069466 seconds
Number of updated asset objects reloaded before import = 0
Number of asset objects unloaded after import = 24
========================================================================
Received Import Request.
  Time since last request: 0.000026 seconds.
  path: Assets/JMO Assets/WarFX/Desktop/Materials/MuzzleFlashes/WFX_M_MF Side RIFLE1.mat
  artifactKey: Guid(cef9a0c8b14aecf4096e3ff65ed281fb) Importer(2089858483,0ecaa5967403d082aa24f35e1b516d23)
Start importing Assets/JMO Assets/WarFX/Desktop/Materials/MuzzleFlashes/WFX_M_MF Side RIFLE1.mat using Guid(cef9a0c8b14aecf4096e3ff65ed281fb) Importer(2089858483,0ecaa5967403d082aa24f35e1b516d23) Generated GUIDs only implemented for interfaces!
 -> (artifact id: '2ff0d4938dde2b791399ae2078d5446d') in 0.044431 seconds
Number of updated asset objects reloaded before import = 0
Number of asset objects unloaded after import = 2
========================================================================
Received Import Request.
  Time since last request: 0.000022 seconds.
  path: Assets/TextMesh Pro/Examples & Extras/Sprites/Default Sprites.png
  artifactKey: Guid(a0fc465d6cf04254a2938578735e2383) Importer(2089858483,0ecaa5967403d082aa24f35e1b516d23)
Start importing Assets/TextMesh Pro/Examples & Extras/Sprites/Default Sprites.png using Guid(a0fc465d6cf04254a2938578735e2383) Importer(2089858483,0ecaa5967403d082aa24f35e1b516d23) Generated GUIDs only implemented for interfaces!
 -> (artifact id: '2751fa69eec2a66491ce998775d61c2f') in 0.069215 seconds
Number of updated asset objects reloaded before import = 0
Number of asset objects unloaded after import = 1
========================================================================
Received Import Request.
  Time since last request: 0.000029 seconds.
  path: Assets/JMO Assets/WarFX/Mobile/Materials/Bullet Holes/WFXM_BulletHole Wood.mat
  artifactKey: Guid(da45bc001784dc244a47f5336a146bfc) Importer(2089858483,0ecaa5967403d082aa24f35e1b516d23)
Start importing Assets/JMO Assets/WarFX/Mobile/Materials/Bullet Holes/WFXM_BulletHole Wood.mat using Guid(da45bc001784dc244a47f5336a146bfc) Importer(2089858483,0ecaa5967403d082aa24f35e1b516d23) Generated GUIDs only implemented for interfaces!
 -> (artifact id: '8442398444b8fa09aabf4f3e3d8c8715') in 0.036606 seconds
Number of updated asset objects reloaded before import = 0
Number of asset objects unloaded after import = 2
========================================================================
Received Import Request.
  Time since last request: 0.000163 seconds.
  path: Assets/JMO Assets/WarFX/Desktop/Textures/MuzzleFlashes/WFX_T_MF FrontRear RIFLE1 A8.png
  artifactKey: Guid(1f835b8ac4f16174889bcee8981c9142) Importer(2089858483,0ecaa5967403d082aa24f35e1b516d23)
Start importing Assets/JMO Assets/WarFX/Desktop/Textures/MuzzleFlashes/WFX_T_MF FrontRear RIFLE1 A8.png using Guid(1f835b8ac4f16174889bcee8981c9142) Importer(2089858483,0ecaa5967403d082aa24f35e1b516d23) Generated GUIDs only implemented for interfaces!
 -> (artifact id: 'c2fd6e89a1ebfd8f84aec937e83234ff') in 0.063466 seconds
Number of updated asset objects reloaded before import = 0
Number of asset objects unloaded after import = 1
========================================================================
Received Import Request.
  Time since last request: 0.000570 seconds.
  path: Assets/JMO Assets/WarFX/Mobile/Materials/Flames/WFXM_M_FlameMine Add.mat
  artifactKey: Guid(2982c27c5a079614097abf8aa0e32609) Importer(2089858483,0ecaa5967403d082aa24f35e1b516d23)
Start importing Assets/JMO Assets/WarFX/Mobile/Materials/Flames/WFXM_M_FlameMine Add.mat using Guid(2982c27c5a079614097abf8aa0e32609) Importer(2089858483,0ecaa5967403d082aa24f35e1b516d23) Generated GUIDs only implemented for interfaces!
 -> (artifact id: '6c18f41b681f1462159e01ae83eba9cd') in 0.039709 seconds
Number of updated asset objects reloaded before import = 0
Number of asset objects unloaded after import = 2
========================================================================
Received Import Request.
  Time since last request: 0.000567 seconds.
  path: Assets/JMO Assets/WarFX/Desktop/Textures/Misc/WFX_T_SmallDots A8.png
  artifactKey: Guid(0eec08dcc1590d24590bebf95ecbad1f) Importer(2089858483,0ecaa5967403d082aa24f35e1b516d23)
Start importing Assets/JMO Assets/WarFX/Desktop/Textures/Misc/WFX_T_SmallDots A8.png using Guid(0eec08dcc1590d24590bebf95ecbad1f) Importer(2089858483,0ecaa5967403d082aa24f35e1b516d23) Generated GUIDs only implemented for interfaces!
 -> (artifact id: '70f721bfc75584bcefb678ea29ffc099') in 0.082583 seconds
Number of updated asset objects reloaded before import = 0
Number of asset objects unloaded after import = 1
========================================================================
Received Import Request.
  Time since last request: 0.000251 seconds.
  path: Assets/JMO Assets/WarFX/Demo/Assets/CFX_Demo_RandomDir.cs
  artifactKey: Guid(27666076fd6e86245aa62dfd9e943d6c) Importer(2089858483,0ecaa5967403d082aa24f35e1b516d23)
Start importing Assets/JMO Assets/WarFX/Demo/Assets/CFX_Demo_RandomDir.cs using Guid(27666076fd6e86245aa62dfd9e943d6c) Importer(2089858483,0ecaa5967403d082aa24f35e1b516d23) Generated GUIDs only implemented for interfaces!
 -> (artifact id: '10622589efabeddd0a7739a2bb1d8f90') in 0.031188 seconds
Number of updated asset objects reloaded before import = 0
Number of asset objects unloaded after import = 1
========================================================================
Received Import Request.
  Time since last request: 0.000463 seconds.
  path: Assets/JMO Assets/WarFX/_Effects (Mobile)/Fire/Gray Smoke/WFXMR_GazFire (Gray Smoke).prefab
  artifactKey: Guid(4c5ef88d48ac4ee43b30dbc6343f6d2e) Importer(2089858483,3d70f49cd1c2eb9ae422958d1c652c6b)
Start importing Assets/JMO Assets/WarFX/_Effects (Mobile)/Fire/Gray Smoke/WFXMR_GazFire (Gray Smoke).prefab using Guid(4c5ef88d48ac4ee43b30dbc6343f6d2e) Importer(2089858483,3d70f49cd1c2eb9ae422958d1c652c6b) Generated GUIDs only implemented for interfaces!
 -> (artifact id: 'af3a8cc3c3876f268e13bd64e320d939') in 0.035741 seconds
Number of updated asset objects reloaded before import = 0
Number of asset objects unloaded after import = 17
========================================================================
Received Import Request.
  Time since last request: 0.000024 seconds.
  path: Assets/JMO Assets/WarFX/Desktop/Textures/Flames/WFX_T_FlamesSmallLoopAlpha.tga
  artifactKey: Guid(a9fd5240a7e9ed246b133b0059ab2cac) Importer(2089858483,0ecaa5967403d082aa24f35e1b516d23)
Start importing Assets/JMO Assets/WarFX/Desktop/Textures/Flames/WFX_T_FlamesSmallLoopAlpha.tga using Guid(a9fd5240a7e9ed246b133b0059ab2cac) Importer(2089858483,0ecaa5967403d082aa24f35e1b516d23) Generated GUIDs only implemented for interfaces!
 -> (artifact id: '2ad11c7ef51dad76323e2ac5ba434d13') in 0.061907 seconds
Number of updated asset objects reloaded before import = 0
Number of asset objects unloaded after import = 1
========================================================================
Received Import Request.
  Time since last request: 0.000272 seconds.
  path: Assets/JMO Assets/WarFX/Mobile/Textures/Flames/WFXM_T_StarFlames A8.tga
  artifactKey: Guid(71c03ef0f48f1e849a487c848205d05b) Importer(2089858483,0ecaa5967403d082aa24f35e1b516d23)
Start importing Assets/JMO Assets/WarFX/Mobile/Textures/Flames/WFXM_T_StarFlames A8.tga using Guid(71c03ef0f48f1e849a487c848205d05b) Importer(2089858483,0ecaa5967403d082aa24f35e1b516d23) Generated GUIDs only implemented for interfaces!
 -> (artifact id: '4d0886b218691cef4d58269b8048cf93') in 0.059319 seconds
Number of updated asset objects reloaded before import = 0
Number of asset objects unloaded after import = 1
========================================================================
Received Import Request.
  Time since last request: 0.000277 seconds.
  path: Assets/JMO Assets/WarFX/Mobile/Materials/Smoke/WFXM_M_SmokeScroll Add.mat
  artifactKey: Guid(ac5e326588327d841b2501709f9b491e) Importer(2089858483,0ecaa5967403d082aa24f35e1b516d23)
Start importing Assets/JMO Assets/WarFX/Mobile/Materials/Smoke/WFXM_M_SmokeScroll Add.mat using Guid(ac5e326588327d841b2501709f9b491e) Importer(2089858483,0ecaa5967403d082aa24f35e1b516d23) Generated GUIDs only implemented for interfaces!
 -> (artifact id: 'b42dc3782a1371247d70d3fe7eb7a9a9') in 0.038881 seconds
Number of updated asset objects reloaded before import = 0
Number of asset objects unloaded after import = 2
========================================================================
Received Import Request.
  Time since last request: 0.000029 seconds.
  path: Assets/JMO Assets/WarFX/Mobile/Textures/Bullet Holes/WFXM_T_BulletHoles Concrete.tga
  artifactKey: Guid(f6a28e01af186fe4faca54e91d94906d) Importer(2089858483,0ecaa5967403d082aa24f35e1b516d23)
Start importing Assets/JMO Assets/WarFX/Mobile/Textures/Bullet Holes/WFXM_T_BulletHoles Concrete.tga using Guid(f6a28e01af186fe4faca54e91d94906d) Importer(2089858483,0ecaa5967403d082aa24f35e1b516d23) Generated GUIDs only implemented for interfaces!
 -> (artifact id: 'fcfa5891ef09b0d97b0452facbea58cd') in 0.077052 seconds
Number of updated asset objects reloaded before import = 0
Number of asset objects unloaded after import = 1
========================================================================
Received Import Request.
  Time since last request: 0.000018 seconds.
  path: Assets/JMO Assets/WarFX/Mobile/Textures/MuzzleFlashes/WFXM_T_MF Side RIFLE2 A8.png
  artifactKey: Guid(c1f93861bd2b8a4498997334a868b1a5) Importer(2089858483,0ecaa5967403d082aa24f35e1b516d23)
Start importing Assets/JMO Assets/WarFX/Mobile/Textures/MuzzleFlashes/WFXM_T_MF Side RIFLE2 A8.png using Guid(c1f93861bd2b8a4498997334a868b1a5) Importer(2089858483,0ecaa5967403d082aa24f35e1b516d23) Generated GUIDs only implemented for interfaces!
 -> (artifact id: '50f0e1bb4e74bb5cc7c84974d20fb310') in 0.067020 seconds
Number of updated asset objects reloaded before import = 0
Number of asset objects unloaded after import = 1
========================================================================
Received Import Request.
  Time since last request: 0.000025 seconds.
  path: Assets/JMO Assets/WarFX/Mobile/Materials/Smoke/WFXM_M_Smoke.mat
  artifactKey: Guid(ca243e5facda6f94ca9d9469e235f1fe) Importer(2089858483,0ecaa5967403d082aa24f35e1b516d23)
Start importing Assets/JMO Assets/WarFX/Mobile/Materials/Smoke/WFXM_M_Smoke.mat using Guid(ca243e5facda6f94ca9d9469e235f1fe) Importer(2089858483,0ecaa5967403d082aa24f35e1b516d23) Generated GUIDs only implemented for interfaces!
 -> (artifact id: 'f15804a34da916ec636db8ad4a4fa1b4') in 0.030407 seconds
Number of updated asset objects reloaded before import = 0
Number of asset objects unloaded after import = 2
========================================================================
Received Import Request.
  Time since last request: 0.000056 seconds.
  path: Assets/JMO Assets/WarFX/Mobile/Textures/Flames/WFXM_T_FlameMine A8.tga
  artifactKey: Guid(3e247439976f5c149a53d54bafa70fb7) Importer(2089858483,0ecaa5967403d082aa24f35e1b516d23)
Start importing Assets/JMO Assets/WarFX/Mobile/Textures/Flames/WFXM_T_FlameMine A8.tga using Guid(3e247439976f5c149a53d54bafa70fb7) Importer(2089858483,0ecaa5967403d082aa24f35e1b516d23) Generated GUIDs only implemented for interfaces!
 -> (artifact id: '68ba4a77b74cb910d088de592f1cd009') in 0.057373 seconds
Number of updated asset objects reloaded before import = 0
Number of asset objects unloaded after import = 1
========================================================================
Received Import Request.
  Time since last request: 0.000019 seconds.
  path: Assets/Canvas.prefab
  artifactKey: Guid(bd11b2fc53aefe548b9e3c7bfc4393b7) Importer(2089858483,3d70f49cd1c2eb9ae422958d1c652c6b)
Start importing Assets/Canvas.prefab using Guid(bd11b2fc53aefe548b9e3c7bfc4393b7) Importer(2089858483,3d70f49cd1c2eb9ae422958d1c652c6b) The method get_fontSharedMaterials was not found on AmmunitionView. This property will not be indexed.
UnityEngine.StackTraceUtility:ExtractStackTrace ()
UnityEngine.DebugLogHandler:LogFormat (UnityEngine.LogType,UnityEngine.Object,string,object[])
UnityEngine.Logger:Log (UnityEngine.LogType,object)
UnityEngine.Debug:LogWarning (object)
UnityEditor.Rendering.Universal.MaterialReferenceBuilder:GetMaterialFromMethod (System.Reflection.MethodInfo,UnityEngine.Object,System.Func`3<string, string, string>) (at ./Library/PackageCache/com.unity.render-pipelines.universal@14.0.8/Editor/Converter/MaterialReferenceBuilder.cs:133)
UnityEditor.Rendering.Universal.ConversionIndexers:ConversionIndexer (UnityEditor.Search.CustomObjectIndexerTarget,UnityEditor.Search.ObjectIndexer) (at ./Library/PackageCache/com.unity.render-pipelines.universal@14.0.8/Editor/Converter/ConversionIndexers.cs:21)
UnityEditor.Search.ObjectIndexer:CallCustomIndexers (string,int,UnityEngine.Object,UnityEditor.SerializedObject,bool)
UnityEditor.Search.ObjectIndexer:IndexCustomProperties (string,int,UnityEngine.Object)
UnityEditor.Search.AssetIndexer:IndexCustomGameObjectProperties (string,int,UnityEngine.GameObject)
UnityEditor.Search.AssetIndexer:IndexObjects (UnityEngine.GameObject[],string,string,string,bool)
UnityEditor.Search.AssetIndexer:IndexPrefab (string,bool)
UnityEditor.Search.AssetIndexer:IndexSceneDocument (string,bool)
UnityEditor.Search.AssetIndexer:IndexDocument (string,bool)
UnityEditor.Search.SearchIndexEntryImporter:OnImportAsset (UnityEditor.AssetImporters.AssetImportContext)
UnityEditor.AssetImporters.ScriptedImporter:GenerateAssetData (UnityEditor.AssetImporters.AssetImportContext)

(Filename: ./Library/PackageCache/com.unity.render-pipelines.universal@14.0.8/Editor/Converter/MaterialReferenceBuilder.cs Line: 133)

Generated GUIDs only implemented for interfaces!
 -> (artifact id: 'c6cc39a8f2b4f6fce2a6738fb19126c8') in 0.145458 seconds
Number of updated asset objects reloaded before import = 0
Number of asset objects unloaded after import = 24
========================================================================
Received Import Request.
  Time since last request: 0.000019 seconds.
  path: Assets/JMO Assets/WarFX/_Effects/Fire/Gray Smoke/WFX_GazFire (Gray Smoke).prefab
  artifactKey: Guid(8f4c8e6e19f6811488df5bbe56510f9d) Importer(2089858483,0ecaa5967403d082aa24f35e1b516d23)
Start importing Assets/JMO Assets/WarFX/_Effects/Fire/Gray Smoke/WFX_GazFire (Gray Smoke).prefab using Guid(8f4c8e6e19f6811488df5bbe56510f9d) Importer(2089858483,0ecaa5967403d082aa24f35e1b516d23) Generated GUIDs only implemented for interfaces!
 -> (artifact id: 'a697b993627f48b511e693cd099999e5') in 0.130172 seconds
Number of updated asset objects reloaded before import = 0
Number of asset objects unloaded after import = 15
========================================================================
Received Import Request.
  Time since last request: 0.000025 seconds.
  path: Assets/JMO Assets/WarFX/_Effects/Fire/Gray Smoke/WFX_Fire Natural Broad (Gray Smoke).prefab
  artifactKey: Guid(46db5b1dc2de2384da9a75fc063273be) Importer(2089858483,0ecaa5967403d082aa24f35e1b516d23)
Start importing Assets/JMO Assets/WarFX/_Effects/Fire/Gray Smoke/WFX_Fire Natural Broad (Gray Smoke).prefab using Guid(46db5b1dc2de2384da9a75fc063273be) Importer(2089858483,0ecaa5967403d082aa24f35e1b516d23) Generated GUIDs only implemented for interfaces!
 -> (artifact id: '8dfa731cdc18e23483e0616ce8df83f0') in 0.137324 seconds
Number of updated asset objects reloaded before import = 0
Number of asset objects unloaded after import = 15
========================================================================
Received Import Request.
  Time since last request: 0.000018 seconds.
  path: Assets/JMO Assets/WarFX/_Effects (Mobile)/Fire/Gray Smoke/WFXMR_Fire SmallFlame (Gray Smoke).prefab
  artifactKey: Guid(ff7840f1c1582ea4cbe1d632c878e884) Importer(2089858483,0ecaa5967403d082aa24f35e1b516d23)
Start importing Assets/JMO Assets/WarFX/_Effects (Mobile)/Fire/Gray Smoke/WFXMR_Fire SmallFlame (Gray Smoke).prefab using Guid(ff7840f1c1582ea4cbe1d632c878e884) Importer(2089858483,0ecaa5967403d082aa24f35e1b516d23) Generated GUIDs only implemented for interfaces!
 -> (artifact id: '663a423151247ac39b91ceb8f7b230ba') in 0.133321 seconds
Number of updated asset objects reloaded before import = 0
Number of asset objects unloaded after import = 15
========================================================================
Received Import Request.
  Time since last request: 0.000020 seconds.
  path: Assets/JMO Assets/WarFX/_Effects/Fire/Black Smoke/WFX_Fire Natural Broad (Black Smoke).prefab
  artifactKey: Guid(002c8e66c11fe4048a8c3a08b7f0fe74) Importer(2089858483,0ecaa5967403d082aa24f35e1b516d23)
Start importing Assets/JMO Assets/WarFX/_Effects/Fire/Black Smoke/WFX_Fire Natural Broad (Black Smoke).prefab using Guid(002c8e66c11fe4048a8c3a08b7f0fe74) Importer(2089858483,0ecaa5967403d082aa24f35e1b516d23) Generated GUIDs only implemented for interfaces!
 -> (artifact id: '8c3f83e0e1a21a35fc5c8b2c37161bee') in 0.134433 seconds
Number of updated asset objects reloaded before import = 0
Number of asset objects unloaded after import = 15
========================================================================
Received Import Request.
  Time since last request: 0.000026 seconds.
  path: Assets/JMO Assets/WarFX/_Effects (Mobile)/Bullet Impacts/+ Bullet Hole/Lit/WFXMR_BImpact Wood + Hole Lit.prefab
  artifactKey: Guid(7499aeb6567134b4dbfadc6051f4546d) Importer(2089858483,0ecaa5967403d082aa24f35e1b516d23)
Start importing Assets/JMO Assets/WarFX/_Effects (Mobile)/Bullet Impacts/+ Bullet Hole/Lit/WFXMR_BImpact Wood + Hole Lit.prefab using Guid(7499aeb6567134b4dbfadc6051f4546d) Importer(2089858483,0ecaa5967403d082aa24f35e1b516d23) Generated GUIDs only implemented for interfaces!
 -> (artifact id: '30e764a1682a02133131b0047f216048') in 0.136289 seconds
Number of updated asset objects reloaded before import = 0
Number of asset objects unloaded after import = 21
========================================================================
Received Import Request.
  Time since last request: 0.000019 seconds.
  path: Assets/JMO Assets/WarFX/_Effects (Mobile)/Smoke/Color Variants/WFXMR_SmokeGrenade Blue.prefab
  artifactKey: Guid(c597b2efa172dc449a3e03319f110f35) Importer(2089858483,0ecaa5967403d082aa24f35e1b516d23)
Start importing Assets/JMO Assets/WarFX/_Effects (Mobile)/Smoke/Color Variants/WFXMR_SmokeGrenade Blue.prefab using Guid(c597b2efa172dc449a3e03319f110f35) Importer(2089858483,0ecaa5967403d082aa24f35e1b516d23) Generated GUIDs only implemented for interfaces!
 -> (artifact id: '1429229a59aaffc6484fd4c8cffe9704') in 0.131615 seconds
Number of updated asset objects reloaded before import = 0
Number of asset objects unloaded after import = 11
========================================================================
Received Import Request.
  Time since last request: 0.000019 seconds.
  path: Assets/JMO Assets/WarFX/_Effects/Smoke/Color Variants/WFX_SmokeGrenade Red.prefab
  artifactKey: Guid(6bd48b8ad8246424db56d2beee2f8611) Importer(2089858483,0ecaa5967403d082aa24f35e1b516d23)
Start importing Assets/JMO Assets/WarFX/_Effects/Smoke/Color Variants/WFX_SmokeGrenade Red.prefab using Guid(6bd48b8ad8246424db56d2beee2f8611) Importer(2089858483,0ecaa5967403d082aa24f35e1b516d23) Generated GUIDs only implemented for interfaces!
 -> (artifact id: '151f8fcbdb9db2a0ec6382a1e9b6c62c') in 0.131542 seconds
Number of updated asset objects reloaded before import = 0
Number of asset objects unloaded after import = 11
========================================================================
Received Import Request.
  Time since last request: 0.000027 seconds.
  path: Assets/JMO Assets/WarFX/_Effects (Mobile)/Fire/No Smoke/WFXMR_Fire Natural Broad (No Smoke).prefab
  artifactKey: Guid(34fd02ac9d79ecc48959596089be08ca) Importer(2089858483,0ecaa5967403d082aa24f35e1b516d23)
Start importing Assets/JMO Assets/WarFX/_Effects (Mobile)/Fire/No Smoke/WFXMR_Fire Natural Broad (No Smoke).prefab using Guid(34fd02ac9d79ecc48959596089be08ca) Importer(2089858483,0ecaa5967403d082aa24f35e1b516d23) Generated GUIDs only implemented for interfaces!
 -> (artifact id: '23416f83c949de1c35d7a40bbf1228bf') in 0.145493 seconds
Number of updated asset objects reloaded before import = 0
Number of asset objects unloaded after import = 11
========================================================================
Received Import Request.
  Time since last request: 0.000019 seconds.
  path: Assets/JMO Assets/WarFX/_Effects (Mobile)/Bullet Impacts/+ Bullet Hole/Unlit/WFXMR_BImpact Concrete NoCollision + Hole Unlit.prefab
  artifactKey: Guid(2b4ffdf4a64f87d4ca3c0de925e6d343) Importer(2089858483,0ecaa5967403d082aa24f35e1b516d23)
Start importing Assets/JMO Assets/WarFX/_Effects (Mobile)/Bullet Impacts/+ Bullet Hole/Unlit/WFXMR_BImpact Concrete NoCollision + Hole Unlit.prefab using Guid(2b4ffdf4a64f87d4ca3c0de925e6d343) Importer(2089858483,0ecaa5967403d082aa24f35e1b516d23) Generated GUIDs only implemented for interfaces!
 -> (artifact id: 'ba9e5b328f25f7e28d80390be0a24172') in 0.144253 seconds
Number of updated asset objects reloaded before import = 0
Number of asset objects unloaded after import = 21
========================================================================
Received Import Request.
  Time since last request: 0.000022 seconds.
  path: Assets/JMO Assets/WarFX/Desktop/Materials/Bullet Holes/WFX_BulletHole Metal Lighted.mat
  artifactKey: Guid(4775d7a61c94a87418fe5ebc4f938090) Importer(2089858483,0ecaa5967403d082aa24f35e1b516d23)
Start importing Assets/JMO Assets/WarFX/Desktop/Materials/Bullet Holes/WFX_BulletHole Metal Lighted.mat using Guid(4775d7a61c94a87418fe5ebc4f938090) Importer(2089858483,0ecaa5967403d082aa24f35e1b516d23) Generated GUIDs only implemented for interfaces!
 -> (artifact id: '581148693f03f3620d39765da044c9ad') in 0.027818 seconds
Number of updated asset objects reloaded before import = 0
Number of asset objects unloaded after import = 2
========================================================================
Received Import Request.
  Time since last request: 0.000037 seconds.
  path: Assets/TextMesh Pro/Examples & Extras/Textures/Text Overflow - Linked Text UI Screenshot.png
  artifactKey: Guid(c76d18757a194d618355f05f815cb0a1) Importer(2089858483,0ecaa5967403d082aa24f35e1b516d23)
Start importing Assets/TextMesh Pro/Examples & Extras/Textures/Text Overflow - Linked Text UI Screenshot.png using Guid(c76d18757a194d618355f05f815cb0a1) Importer(2089858483,0ecaa5967403d082aa24f35e1b516d23) Generated GUIDs only implemented for interfaces!
 -> (artifact id: 'c5fd1c19d38e509448c71d341704012c') in 0.053277 seconds
Number of updated asset objects reloaded before import = 0
Number of asset objects unloaded after import = 1
========================================================================
Received Import Request.
  Time since last request: 0.000023 seconds.
  path: Assets/LowPolyWeapons_LITE/Texture/WeaponsLite_Texture_01.png
  artifactKey: Guid(17103bec7cc53614483fa8b782e01866) Importer(2089858483,0ecaa5967403d082aa24f35e1b516d23)
Start importing Assets/LowPolyWeapons_LITE/Texture/WeaponsLite_Texture_01.png using Guid(17103bec7cc53614483fa8b782e01866) Importer(2089858483,0ecaa5967403d082aa24f35e1b516d23) Generated GUIDs only implemented for interfaces!
 -> (artifact id: '7b0b190f32045ed9722629a7a5f18252') in 0.052147 seconds
Number of updated asset objects reloaded before import = 0
Number of asset objects unloaded after import = 1
========================================================================
Received Import Request.
  Time since last request: 0.000107 seconds.
  path: Assets/JMO Assets/WarFX/_Effects/Explosions/WFX_ExplosiveSmoke Big.prefab
  artifactKey: Guid(1dbc518224e49f34095aab42fe05751a) Importer(2089858483,0ecaa5967403d082aa24f35e1b516d23)
Start importing Assets/JMO Assets/WarFX/_Effects/Explosions/WFX_ExplosiveSmoke Big.prefab using Guid(1dbc518224e49f34095aab42fe05751a) Importer(2089858483,0ecaa5967403d082aa24f35e1b516d23) Generated GUIDs only implemented for interfaces!
 -> (artifact id: '13466275692305841f8ce3f62401cca7') in 0.131128 seconds
Number of updated asset objects reloaded before import = 0
Number of asset objects unloaded after import = 27
========================================================================
Received Prepare
Shader 'WFX/Transparent Diffuse': fallback shader 'Particles/Alpha Blended' not found
Shader 'WFX/Transparent Specular': fallback shader 'Particles/Alpha Blended' not found
Refreshing native plugins compatible for Editor in 6.73 ms, found 3 plugins.
Preloading 0 native plugins for Editor in 0.00 ms.
Unloading 5 Unused Serialized files (Serialized files now loaded: 0)
Unloading 7 unused Assets / (0.7 MB). Loaded Objects now: 5950.
Memory consumption went from 114.8 MB to 114.1 MB.
Total: 99.812500 ms (FindLiveObjects: 0.620100 ms CreateObjectMapping: 0.607700 ms MarkObjects: 98.145800 ms  DeleteObjects: 0.438000 ms)

Prepare: number of updated asset objects reloaded= 0
AssetImportParameters requested are different than current active one (requested -> active):
  custom:container-demuxer-ogg: 62fdf1f143b41e24485cea50d1cbac27 -> 
  custom:video-decoder-ogg-theora: a1e56fd34408186e4bbccfd4996cb3dc -> 
  custom:framework-win-MediaFoundation: 216162199b28c13a410421893ffa2e32 -> 
  custom:CustomObjectIndexerAttribute: a3ef5dd2817f97addfee359851a9dba5 -> 
  custom:container-demuxer-webm: 4f35f7cbe854078d1ac9338744f61a02 -> 
  custom:container-muxer-webm: aa71ff27fc2769a1b78a27578f13a17b -> 
  custom:video-decoder-webm-vp8: 9c59270c3fd7afecdb556c50c9e8de78 -> 
  custom:SearchIndexIgnoredProperties: e643bd26f0fe6173181afceb89e7c659 -> 
  custom:AudioImporter_EditorPlatform: d09bf68614088b80899f8185d706f6e7 -> 
  custom:video-encoder-webm-vp8: eb34c28f22e8b96e1ab97ce403110664 -> 
  custom:audio-decoder-ogg-vorbis: bf7c407c2cedff20999df2af8eb42d56 -> 
  custom:audio-encoder-webm-vorbis: bf7c407c2cedff20999df2af8eb42d56 -> 
========================================================================
Received Prepare
Shader 'WFX/Transparent Diffuse': fallback shader 'Particles/Alpha Blended' not found
Shader 'WFX/Transparent Specular': fallback shader 'Particles/Alpha Blended' not found
Refreshing native plugins compatible for Editor in 58.47 ms, found 3 plugins.
Preloading 0 native plugins for Editor in 0.00 ms.
Unloading 63 Unused Serialized files (Serialized files now loaded: 0)
Unloading 4 unused Assets / (353.1 KB). Loaded Objects now: 6010.
Memory consumption went from 128.4 MB to 128.0 MB.
Total: 6.462000 ms (FindLiveObjects: 0.606500 ms CreateObjectMapping: 0.610800 ms MarkObjects: 5.022800 ms  DeleteObjects: 0.220700 ms)

Prepare: number of updated asset objects reloaded= 0
AssetImportParameters requested are different than current active one (requested -> active):
  custom:container-demuxer-ogg: 62fdf1f143b41e24485cea50d1cbac27 -> 
  custom:video-decoder-ogg-theora: a1e56fd34408186e4bbccfd4996cb3dc -> 
  custom:framework-win-MediaFoundation: 216162199b28c13a410421893ffa2e32 -> 
  custom:CustomObjectIndexerAttribute: a3ef5dd2817f97addfee359851a9dba5 -> 
  custom:container-demuxer-webm: 4f35f7cbe854078d1ac9338744f61a02 -> 
  custom:container-muxer-webm: aa71ff27fc2769a1b78a27578f13a17b -> 
  custom:video-decoder-webm-vp8: 9c59270c3fd7afecdb556c50c9e8de78 -> 
  custom:SearchIndexIgnoredProperties: e643bd26f0fe6173181afceb89e7c659 -> 
  custom:AudioImporter_EditorPlatform: d09bf68614088b80899f8185d706f6e7 -> 
  custom:video-encoder-webm-vp8: eb34c28f22e8b96e1ab97ce403110664 -> 
  custom:audio-decoder-ogg-vorbis: bf7c407c2cedff20999df2af8eb42d56 -> 
  custom:audio-encoder-webm-vorbis: bf7c407c2cedff20999df2af8eb42d56 -> 
Editor requested this worker to shutdown with reason: balancing worker count downwards
TcpMessagingSession - receive error: operation aborted. errorcode: 995, details: Operacja We/Wy zosta³a przerwana z powodu zakoñczenia w¹tku lub ¿¹dania aplikacji.
AssetImportWorker is now disconnected from the server
Process exiting
Exiting without the bug reporter. Application will terminate with return code 0