Using pre-set license
Built from '2022.3/staging' branch; Version is '2022.3.4f1 (35713cd46cd7) revision 3502396'; Using compiler version '192829333'; Build Type 'Release'
OS: 'Windows 11  (10.0.22621) 64bit Professional' Language: 'pl' Physical Memory: 16296 MB
BatchMode: 1, IsHumanControllingUs: 0, StartBugReporterOnCrash: 0, Is64bit: 1, IsPro: 1

COMMAND LINE ARGUMENTS:
H:\Programy\Unity\2022.3.4f1\Editor\Unity.exe
-adb2
-batchMode
-noUpm
-name
AssetImportWorker5
-projectPath
H:/Projekty/fps-game/FPS Game
-logFile
Logs/AssetImportWorker5.log
-srvPort
60555
Successfully changed project path to: H:/Projekty/fps-game/FPS Game
H:/Projekty/fps-game/FPS Game
[UnityMemory] Configuration Parameters - Can be set up in boot.config
    "memorysetup-bucket-allocator-granularity=16"
    "memorysetup-bucket-allocator-bucket-count=8"
    "memorysetup-bucket-allocator-block-size=33554432"
    "memorysetup-bucket-allocator-block-count=8"
    "memorysetup-main-allocator-block-size=16777216"
    "memorysetup-thread-allocator-block-size=16777216"
    "memorysetup-gfx-main-allocator-block-size=16777216"
    "memorysetup-gfx-thread-allocator-block-size=16777216"
    "memorysetup-cache-allocator-block-size=4194304"
    "memorysetup-typetree-allocator-block-size=2097152"
    "memorysetup-profiler-bucket-allocator-granularity=16"
    "memorysetup-profiler-bucket-allocator-bucket-count=8"
    "memorysetup-profiler-bucket-allocator-block-size=33554432"
    "memorysetup-profiler-bucket-allocator-block-count=8"
    "memorysetup-profiler-allocator-block-size=16777216"
    "memorysetup-profiler-editor-allocator-block-size=1048576"
    "memorysetup-temp-allocator-size-main=16777216"
    "memorysetup-job-temp-allocator-block-size=2097152"
    "memorysetup-job-temp-allocator-block-size-background=1048576"
    "memorysetup-job-temp-allocator-reduction-small-platforms=262144"
    "memorysetup-allocator-temp-initial-block-size-main=262144"
    "memorysetup-allocator-temp-initial-block-size-worker=262144"
    "memorysetup-temp-allocator-size-background-worker=32768"
    "memorysetup-temp-allocator-size-job-worker=262144"
    "memorysetup-temp-allocator-size-preload-manager=33554432"
    "memorysetup-temp-allocator-size-nav-mesh-worker=65536"
    "memorysetup-temp-allocator-size-audio-worker=65536"
    "memorysetup-temp-allocator-size-cloud-worker=32768"
    "memorysetup-temp-allocator-size-gi-baking-worker=262144"
    "memorysetup-temp-allocator-size-gfx=262144"
Player connection [28908] Host "[IP] 192.168.0.177 [Port] 0 [Flags] 2 [Guid] 3210768574 [EditorId] 3210768574 [Version] 1048832 [Id] WindowsEditor(7,DESKTOP-HNJ3IR8) [Debug] 1 [PackageName] WindowsEditor [ProjectName] Editor" joined multi-casting on [225.0.0.222:54997]...

Player connection [28908] Host "[IP] 192.168.0.177 [Port] 0 [Flags] 2 [Guid] 3210768574 [EditorId] 3210768574 [Version] 1048832 [Id] WindowsEditor(7,DESKTOP-HNJ3IR8) [Debug] 1 [PackageName] WindowsEditor [ProjectName] Editor" joined alternative multi-casting on [225.0.0.222:34997]...

Refreshing native plugins compatible for Editor in 23.61 ms, found 3 plugins.
Preloading 0 native plugins for Editor in 0.00 ms.
Initialize engine version: 2022.3.4f1 (35713cd46cd7)
[Subsystems] Discovering subsystems at path H:/Programy/Unity/2022.3.4f1/Editor/Data/Resources/UnitySubsystems
[Subsystems] Discovering subsystems at path H:/Projekty/fps-game/FPS Game/Assets
GfxDevice: creating device client; threaded=0; jobified=0
Direct3D:
    Version:  Direct3D 11.0 [level 11.1]
    Renderer: NVIDIA GeForce RTX 3060 (ID=0x2504)
    Vendor:   NVIDIA
    VRAM:     12129 MB
    Driver:   31.0.15.3640
Shader 'WFX/Transparent Diffuse': fallback shader 'Particles/Alpha Blended' not found
Shader 'WFX/Transparent Specular': fallback shader 'Particles/Alpha Blended' not found
Initialize mono
Mono path[0] = 'H:/Programy/Unity/2022.3.4f1/Editor/Data/Managed'
Mono path[1] = 'H:/Programy/Unity/2022.3.4f1/Editor/Data/MonoBleedingEdge/lib/mono/unityjit-win32'
Mono config path = 'H:/Programy/Unity/2022.3.4f1/Editor/Data/MonoBleedingEdge/etc'
Using monoOptions --debugger-agent=transport=dt_socket,embedding=1,server=y,suspend=n,address=127.0.0.1:56860
Begin MonoManager ReloadAssembly
Registering precompiled unity dll's ...
Register platform support module: H:/Programy/Unity/2022.3.4f1/Editor/Data/PlaybackEngines/WindowsStandaloneSupport/UnityEditor.WindowsStandalone.Extensions.dll
Registered in 0.035433 seconds.
- Loaded All Assemblies, in  0.834 seconds
Native extension for WindowsStandalone target not found
Mono: successfully reloaded assembly
- Finished resetting the current domain, in  0.577 seconds
Domain Reload Profiling: 1410ms
	BeginReloadAssembly (274ms)
		ExecutionOrderSort (0ms)
		DisableScriptedObjects (0ms)
		BackupInstance (0ms)
		ReleaseScriptingObjects (0ms)
		CreateAndSetChildDomain (2ms)
	RebuildCommonClasses (77ms)
	RebuildNativeTypeToScriptingClass (25ms)
	initialDomainReloadingComplete (124ms)
	LoadAllAssembliesAndSetupDomain (332ms)
		LoadAssemblies (273ms)
		RebuildTransferFunctionScriptingTraits (0ms)
		AnalyzeDomain (323ms)
			TypeCache.Refresh (322ms)
				TypeCache.ScanAssembly (293ms)
			ScanForSourceGeneratedMonoScriptInfo (1ms)
			ResolveRequiredComponents (1ms)
	FinalizeReload (578ms)
		ReleaseScriptCaches (0ms)
		RebuildScriptCaches (0ms)
		SetupLoadedEditorAssemblies (447ms)
			LogAssemblyErrors (0ms)
			InitializePlatformSupportModulesInManaged (21ms)
			SetLoadedEditorAssemblies (19ms)
			RefreshPlugins (0ms)
			BeforeProcessingInitializeOnLoad (4ms)
			ProcessInitializeOnLoadAttributes (289ms)
			ProcessInitializeOnLoadMethodAttributes (114ms)
			AfterProcessingInitializeOnLoad (0ms)
			EditorAssembliesLoaded (0ms)
		ExecutionOrderSort2 (0ms)
		AwakeInstancesAfterBackupRestoration (0ms)
========================================================================
Worker process is ready to serve import requests
Begin MonoManager ReloadAssembly
Symbol file LoadedFromMemory doesn't match image H:\Projekty\fps-game\FPS Game\Library\PackageCache\com.unity.visualscripting@1.8.0\Editor\VisualScripting.Core\Dependencies\YamlDotNet\Unity.VisualScripting.YamlDotNet.dll
Symbol file LoadedFromMemory doesn't match image H:\Projekty\fps-game\FPS Game\Library\PackageCache\com.unity.visualscripting@1.8.0\Editor\VisualScripting.Core\Dependencies\DotNetZip\Unity.VisualScripting.IonicZip.dll
- Loaded All Assemblies, in  1.994 seconds
Refreshing native plugins compatible for Editor in 19.91 ms, found 3 plugins.
Native extension for WindowsStandalone target not found
Mono: successfully reloaded assembly
- Finished resetting the current domain, in  1.476 seconds
Domain Reload Profiling: 3470ms
	BeginReloadAssembly (361ms)
		ExecutionOrderSort (0ms)
		DisableScriptedObjects (17ms)
		BackupInstance (0ms)
		ReleaseScriptingObjects (2ms)
		CreateAndSetChildDomain (39ms)
	RebuildCommonClasses (65ms)
	RebuildNativeTypeToScriptingClass (19ms)
	initialDomainReloadingComplete (58ms)
	LoadAllAssembliesAndSetupDomain (1490ms)
		LoadAssemblies (878ms)
		RebuildTransferFunctionScriptingTraits (0ms)
		AnalyzeDomain (789ms)
			TypeCache.Refresh (705ms)
				TypeCache.ScanAssembly (671ms)
			ScanForSourceGeneratedMonoScriptInfo (53ms)
			ResolveRequiredComponents (31ms)
	FinalizeReload (1477ms)
		ReleaseScriptCaches (0ms)
		RebuildScriptCaches (0ms)
		SetupLoadedEditorAssemblies (1044ms)
			LogAssemblyErrors (0ms)
			InitializePlatformSupportModulesInManaged (9ms)
			SetLoadedEditorAssemblies (11ms)
			RefreshPlugins (0ms)
			BeforeProcessingInitializeOnLoad (258ms)
			ProcessInitializeOnLoadAttributes (620ms)
			ProcessInitializeOnLoadMethodAttributes (143ms)
			AfterProcessingInitializeOnLoad (3ms)
			EditorAssembliesLoaded (0ms)
		ExecutionOrderSort2 (0ms)
		AwakeInstancesAfterBackupRestoration (15ms)
Shader 'WFX/Transparent Diffuse': fallback shader 'Particles/Alpha Blended' not found
Shader 'WFX/Transparent Specular': fallback shader 'Particles/Alpha Blended' not found
Launched and connected shader compiler UnityShaderCompiler.exe after 0.13 seconds
Refreshing native plugins compatible for Editor in 64.63 ms, found 3 plugins.
Preloading 0 native plugins for Editor in 0.00 ms.
Unloading 5463 Unused Serialized files (Serialized files now loaded: 0)
Unloading 72 unused Assets / (0.7 MB). Loaded Objects now: 5948.
Memory consumption went from 225.8 MB to 225.0 MB.
Total: 61.454300 ms (FindLiveObjects: 0.500600 ms CreateObjectMapping: 0.474500 ms MarkObjects: 59.789500 ms  DeleteObjects: 0.688700 ms)

AssetImportParameters requested are different than current active one (requested -> active):
  custom:container-demuxer-ogg: 62fdf1f143b41e24485cea50d1cbac27 -> 
  custom:video-decoder-ogg-theora: a1e56fd34408186e4bbccfd4996cb3dc -> 
  custom:framework-win-MediaFoundation: 216162199b28c13a410421893ffa2e32 -> 
  custom:CustomObjectIndexerAttribute: a3ef5dd2817f97addfee359851a9dba5 -> 
  custom:container-demuxer-webm: 4f35f7cbe854078d1ac9338744f61a02 -> 
  custom:container-muxer-webm: aa71ff27fc2769a1b78a27578f13a17b -> 
  custom:video-decoder-webm-vp8: 9c59270c3fd7afecdb556c50c9e8de78 -> 
  custom:AudioImporter_EditorPlatform: d09bf68614088b80899f8185d706f6e7 -> 
  custom:video-encoder-webm-vp8: eb34c28f22e8b96e1ab97ce403110664 -> 
  custom:audio-decoder-ogg-vorbis: bf7c407c2cedff20999df2af8eb42d56 -> 
  custom:audio-encoder-webm-vorbis: bf7c407c2cedff20999df2af8eb42d56 -> 
========================================================================
Received Import Request.
  Time since last request: 8692.148690 seconds.
  path: Assets/TextMesh Pro/Examples & Extras/Resources/Fonts & Materials/LiberationSans SDF - Soft Mask.mat
  artifactKey: Guid(42df1c7856584b6b8db9a509b6b10074) Importer(2089858483,0ecaa5967403d082aa24f35e1b516d23)
Start importing Assets/TextMesh Pro/Examples & Extras/Resources/Fonts & Materials/LiberationSans SDF - Soft Mask.mat using Guid(42df1c7856584b6b8db9a509b6b10074) Importer(2089858483,0ecaa5967403d082aa24f35e1b516d23) Generated GUIDs only implemented for interfaces!
 -> (artifact id: '6f1414df9855b7a134755ac5cb5ed67c') in 2.364206 seconds
Number of updated asset objects reloaded before import = 0
Number of asset objects unloaded after import = 3
========================================================================
Received Import Request.
  Time since last request: 0.000063 seconds.
  path: Assets/JMO Assets/WarFX/_Effects (Mobile)/Bullet Impacts/WFXMR_BImpact Dirt.prefab
  artifactKey: Guid(bc8d2212c2ce5ef459edd17d2d63da64) Importer(2089858483,0ecaa5967403d082aa24f35e1b516d23)
Start importing Assets/JMO Assets/WarFX/_Effects (Mobile)/Bullet Impacts/WFXMR_BImpact Dirt.prefab using Guid(bc8d2212c2ce5ef459edd17d2d63da64) Importer(2089858483,0ecaa5967403d082aa24f35e1b516d23) Generated GUIDs only implemented for interfaces!
 -> (artifact id: '658566f42a64f292669013e535f37aea') in 0.308134 seconds
Number of updated asset objects reloaded before import = 0
Number of asset objects unloaded after import = 15
========================================================================
Received Import Request.
  Time since last request: 0.000026 seconds.
  path: Assets/JMO Assets/WarFX/Desktop/Materials/Impacts/WFX_M_Impact Smoke.mat
  artifactKey: Guid(450dd918846b28b408e044f16f827449) Importer(2089858483,0ecaa5967403d082aa24f35e1b516d23)
Start importing Assets/JMO Assets/WarFX/Desktop/Materials/Impacts/WFX_M_Impact Smoke.mat using Guid(450dd918846b28b408e044f16f827449) Importer(2089858483,0ecaa5967403d082aa24f35e1b516d23) Generated GUIDs only implemented for interfaces!
 -> (artifact id: '22a823633ef9eecff4d31f6cd4aef0b8') in 0.039980 seconds
Number of updated asset objects reloaded before import = 0
Number of asset objects unloaded after import = 2
========================================================================
Received Import Request.
  Time since last request: 0.000029 seconds.
  path: Assets/JMO Assets/WarFX/_Effects/Smoke/WFX_SmokeGrenade White.prefab
  artifactKey: Guid(b7a5dd96bb4187348909e660f427221b) Importer(2089858483,0ecaa5967403d082aa24f35e1b516d23)
Start importing Assets/JMO Assets/WarFX/_Effects/Smoke/WFX_SmokeGrenade White.prefab using Guid(b7a5dd96bb4187348909e660f427221b) Importer(2089858483,0ecaa5967403d082aa24f35e1b516d23) Generated GUIDs only implemented for interfaces!
 -> (artifact id: '534fd664d364b4150a768b16b6a3ed8a') in 0.155320 seconds
Number of updated asset objects reloaded before import = 0
Number of asset objects unloaded after import = 11
========================================================================
Received Import Request.
  Time since last request: 0.000022 seconds.
  path: Assets/JMO Assets/WarFX/_Effects/Smoke/WFX_SmokeGrenade Gray.prefab
  artifactKey: Guid(a24c2dc4ddb2fb34591d1bbab6a8354a) Importer(2089858483,0ecaa5967403d082aa24f35e1b516d23)
Start importing Assets/JMO Assets/WarFX/_Effects/Smoke/WFX_SmokeGrenade Gray.prefab using Guid(a24c2dc4ddb2fb34591d1bbab6a8354a) Importer(2089858483,0ecaa5967403d082aa24f35e1b516d23) Generated GUIDs only implemented for interfaces!
 -> (artifact id: '1be5358e4f06200fcd78452308f54849') in 0.164273 seconds
Number of updated asset objects reloaded before import = 0
Number of asset objects unloaded after import = 11
========================================================================
Received Import Request.
  Time since last request: 0.000024 seconds.
  path: Assets/JMO Assets/WarFX/Desktop/Materials/MuzzleFlashes/WFX_M_MF FrontRear RIFLE1.mat
  artifactKey: Guid(f75cfa7d313f4ca4a9a0367922a04e8b) Importer(2089858483,0ecaa5967403d082aa24f35e1b516d23)
Start importing Assets/JMO Assets/WarFX/Desktop/Materials/MuzzleFlashes/WFX_M_MF FrontRear RIFLE1.mat using Guid(f75cfa7d313f4ca4a9a0367922a04e8b) Importer(2089858483,0ecaa5967403d082aa24f35e1b516d23) Generated GUIDs only implemented for interfaces!
 -> (artifact id: '87102c7971b52a55eb5539c917d25e21') in 0.072399 seconds
Number of updated asset objects reloaded before import = 0
Number of asset objects unloaded after import = 2
========================================================================
Received Import Request.
  Time since last request: 0.000031 seconds.
  path: Assets/JMO Assets/WarFX/Desktop/Materials/Smoke/WFX_M_Smoke.mat
  artifactKey: Guid(d89531f879872fa4cb0dffdeeaa5eda2) Importer(2089858483,0ecaa5967403d082aa24f35e1b516d23)
Start importing Assets/JMO Assets/WarFX/Desktop/Materials/Smoke/WFX_M_Smoke.mat using Guid(d89531f879872fa4cb0dffdeeaa5eda2) Importer(2089858483,0ecaa5967403d082aa24f35e1b516d23) Generated GUIDs only implemented for interfaces!
 -> (artifact id: '2991e4b569ce9c43a9b5c504b688ad38') in 0.035952 seconds
Number of updated asset objects reloaded before import = 0
Number of asset objects unloaded after import = 2
========================================================================
Received Import Request.
  Time since last request: 0.002853 seconds.
  path: Assets/JMO Assets/WarFX/_Effects/MuzzleFlashes/FPS/WFX_MF FPS RIFLE3.prefab
  artifactKey: Guid(8eaaa4f553116f44b8459bc24201c514) Importer(2089858483,3d70f49cd1c2eb9ae422958d1c652c6b)
Start importing Assets/JMO Assets/WarFX/_Effects/MuzzleFlashes/FPS/WFX_MF FPS RIFLE3.prefab using Guid(8eaaa4f553116f44b8459bc24201c514) Importer(2089858483,3d70f49cd1c2eb9ae422958d1c652c6b) Generated GUIDs only implemented for interfaces!
 -> (artifact id: '42e7aa22d5906dab70e7948e3ff71751') in 0.058619 seconds
Number of updated asset objects reloaded before import = 0
Number of asset objects unloaded after import = 22
========================================================================
Received Import Request.
  Time since last request: 0.000026 seconds.
  path: Assets/JMO Assets/WarFX/_Effects (Mobile)/Bullet Impacts/+ Bullet Hole/Lit/WFXMR_BImpact Wood NoCollision + Hole Lit.prefab
  artifactKey: Guid(133ce51c43895d8478487fdabceb2e64) Importer(2089858483,3d70f49cd1c2eb9ae422958d1c652c6b)
Start importing Assets/JMO Assets/WarFX/_Effects (Mobile)/Bullet Impacts/+ Bullet Hole/Lit/WFXMR_BImpact Wood NoCollision + Hole Lit.prefab using Guid(133ce51c43895d8478487fdabceb2e64) Importer(2089858483,3d70f49cd1c2eb9ae422958d1c652c6b) Generated GUIDs only implemented for interfaces!
 -> (artifact id: '70856b969511f2d06fb5ec9b65ea4abf') in 0.053976 seconds
Number of updated asset objects reloaded before import = 0
Number of asset objects unloaded after import = 24
========================================================================
Received Import Request.
  Time since last request: 0.000039 seconds.
  path: Assets/JMO Assets/WarFX/_Effects/Smoke/WFX_SmokeGrenade Additive.prefab
  artifactKey: Guid(4ecfa3d3919108f4fbff80d1c4d920a1) Importer(2089858483,3d70f49cd1c2eb9ae422958d1c652c6b)
Start importing Assets/JMO Assets/WarFX/_Effects/Smoke/WFX_SmokeGrenade Additive.prefab using Guid(4ecfa3d3919108f4fbff80d1c4d920a1) Importer(2089858483,3d70f49cd1c2eb9ae422958d1c652c6b) Generated GUIDs only implemented for interfaces!
 -> (artifact id: '845d2a64f6d45afe2796e35864c2b476') in 0.038557 seconds
Number of updated asset objects reloaded before import = 0
Number of asset objects unloaded after import = 12
========================================================================
Received Import Request.
  Time since last request: 0.000021 seconds.
  path: Assets/JMO Assets/WarFX/Demo/Assets/WFX_Demo_RandomDir.cs
  artifactKey: Guid(936f98d748ce69c4caf9bc76c7e38a8b) Importer(2089858483,0ecaa5967403d082aa24f35e1b516d23)
Start importing Assets/JMO Assets/WarFX/Demo/Assets/WFX_Demo_RandomDir.cs using Guid(936f98d748ce69c4caf9bc76c7e38a8b) Importer(2089858483,0ecaa5967403d082aa24f35e1b516d23) Generated GUIDs only implemented for interfaces!
 -> (artifact id: '6a9ed2f15a36631eed3e09c759e18d42') in 0.028504 seconds
Number of updated asset objects reloaded before import = 0
Number of asset objects unloaded after import = 1
========================================================================
Received Import Request.
  Time since last request: 0.000029 seconds.
  path: Assets/JMO Assets/WarFX/Desktop/Textures/Smoke/WFX_T_SmokeSpikeStretched A8.tga
  artifactKey: Guid(0f3f5635b6a7c0c4c9723fd09fa51d5a) Importer(2089858483,0ecaa5967403d082aa24f35e1b516d23)
Start importing Assets/JMO Assets/WarFX/Desktop/Textures/Smoke/WFX_T_SmokeSpikeStretched A8.tga using Guid(0f3f5635b6a7c0c4c9723fd09fa51d5a) Importer(2089858483,0ecaa5967403d082aa24f35e1b516d23) Generated GUIDs only implemented for interfaces!
 -> (artifact id: '46e64e184e0104f5762a12008e032127') in 0.151482 seconds
Number of updated asset objects reloaded before import = 0
Number of asset objects unloaded after import = 1
========================================================================
Received Import Request.
  Time since last request: 0.000423 seconds.
  path: Assets/JMO Assets/WarFX/Mobile/Materials/Misc/WFXM_M_GlowCircle Add.mat
  artifactKey: Guid(3849731f87957fe4ca8e47a1c235c5a2) Importer(2089858483,0ecaa5967403d082aa24f35e1b516d23)
Start importing Assets/JMO Assets/WarFX/Mobile/Materials/Misc/WFXM_M_GlowCircle Add.mat using Guid(3849731f87957fe4ca8e47a1c235c5a2) Importer(2089858483,0ecaa5967403d082aa24f35e1b516d23) Generated GUIDs only implemented for interfaces!
 -> (artifact id: '178f65672587208e6df6b23a733f0d07') in 0.045002 seconds
Number of updated asset objects reloaded before import = 0
Number of asset objects unloaded after import = 2
========================================================================
Received Import Request.
  Time since last request: 0.000023 seconds.
  path: Assets/JMO Assets/WarFX/Desktop/Textures/MuzzleFlashes/WFX_T_MF Sparks RIFLE2 A8.tga
  artifactKey: Guid(31da9bc7d3437a946b5613ded8e1ad31) Importer(2089858483,0ecaa5967403d082aa24f35e1b516d23)
Start importing Assets/JMO Assets/WarFX/Desktop/Textures/MuzzleFlashes/WFX_T_MF Sparks RIFLE2 A8.tga using Guid(31da9bc7d3437a946b5613ded8e1ad31) Importer(2089858483,0ecaa5967403d082aa24f35e1b516d23) Generated GUIDs only implemented for interfaces!
 -> (artifact id: 'bc13ad3c84ed1e5f91d492f32ea74874') in 0.080009 seconds
Number of updated asset objects reloaded before import = 0
Number of asset objects unloaded after import = 1
========================================================================
Received Import Request.
  Time since last request: 0.000034 seconds.
  path: Assets/JMO Assets/WarFX/Desktop/Textures/Smoke/WFX_T_SmokeNoise.tga
  artifactKey: Guid(232c443afd6ed994aa4da1d352911753) Importer(2089858483,0ecaa5967403d082aa24f35e1b516d23)
Start importing Assets/JMO Assets/WarFX/Desktop/Textures/Smoke/WFX_T_SmokeNoise.tga using Guid(232c443afd6ed994aa4da1d352911753) Importer(2089858483,0ecaa5967403d082aa24f35e1b516d23) Generated GUIDs only implemented for interfaces!
 -> (artifact id: '6bccd6d8e5c464f003374f8d225494b1') in 0.088628 seconds
Number of updated asset objects reloaded before import = 0
Number of asset objects unloaded after import = 1
========================================================================
Received Import Request.
  Time since last request: 0.003162 seconds.
  path: Assets/TextMesh Pro/Examples & Extras/Resources/Fonts & Materials/Electronic Highway Sign SDF.asset
  artifactKey: Guid(dc36b3fdc14f47ebb36fd484a67e268a) Importer(2089858483,0ecaa5967403d082aa24f35e1b516d23)
Start importing Assets/TextMesh Pro/Examples & Extras/Resources/Fonts & Materials/Electronic Highway Sign SDF.asset using Guid(dc36b3fdc14f47ebb36fd484a67e268a) Importer(2089858483,0ecaa5967403d082aa24f35e1b516d23) Generated GUIDs only implemented for interfaces!
 -> (artifact id: 'a4e849ba635f9d941bbd6f2b9e1a1f85') in 0.109632 seconds
Number of updated asset objects reloaded before import = 0
Number of asset objects unloaded after import = 5
========================================================================
Received Import Request.
  Time since last request: 0.000806 seconds.
  path: Assets/JMO Assets/WarFX/Mobile/Textures/Misc/WFXM_T_StretchPalet A8.png
  artifactKey: Guid(bdd7225e9443e81479ea7d5852056dbb) Importer(2089858483,0ecaa5967403d082aa24f35e1b516d23)
Start importing Assets/JMO Assets/WarFX/Mobile/Textures/Misc/WFXM_T_StretchPalet A8.png using Guid(bdd7225e9443e81479ea7d5852056dbb) Importer(2089858483,0ecaa5967403d082aa24f35e1b516d23) Generated GUIDs only implemented for interfaces!
 -> (artifact id: 'c3c4dfdb2a8ec6e0b02e25d649a993e7') in 0.065362 seconds
Number of updated asset objects reloaded before import = 0
Number of asset objects unloaded after import = 1
========================================================================
Received Import Request.
  Time since last request: 0.000199 seconds.
  path: Assets/JMO Assets/WarFX/Mobile/Textures/Misc/WFXM_T_GroundGlow A8.tga
  artifactKey: Guid(d06d2f147c474b542a9d215471c93d1a) Importer(2089858483,0ecaa5967403d082aa24f35e1b516d23)
Start importing Assets/JMO Assets/WarFX/Mobile/Textures/Misc/WFXM_T_GroundGlow A8.tga using Guid(d06d2f147c474b542a9d215471c93d1a) Importer(2089858483,0ecaa5967403d082aa24f35e1b516d23) Generated GUIDs only implemented for interfaces!
 -> (artifact id: '2eafb595c1e7054afb854d529547ceee') in 0.081816 seconds
Number of updated asset objects reloaded before import = 0
Number of asset objects unloaded after import = 1
========================================================================
Received Import Request.
  Time since last request: 0.000019 seconds.
  path: Assets/JMO Assets/WarFX/Mobile/Textures/MuzzleFlashes/WFXM_T_MF Sparks RIFLE3 A8.tga
  artifactKey: Guid(c07b27fb95623dd4db154ece46390112) Importer(2089858483,0ecaa5967403d082aa24f35e1b516d23)
Start importing Assets/JMO Assets/WarFX/Mobile/Textures/MuzzleFlashes/WFXM_T_MF Sparks RIFLE3 A8.tga using Guid(c07b27fb95623dd4db154ece46390112) Importer(2089858483,0ecaa5967403d082aa24f35e1b516d23) Generated GUIDs only implemented for interfaces!
 -> (artifact id: 'ec96649d2069a42e71f3856343c66ff6') in 0.058593 seconds
Number of updated asset objects reloaded before import = 0
Number of asset objects unloaded after import = 1
========================================================================
Received Import Request.
  Time since last request: 0.000022 seconds.
  path: Assets/JMO Assets/WarFX/Mobile/Textures/Bullet Holes/WFXM_T_BulletHoles Wood.tga
  artifactKey: Guid(22b2fb4b5fccb7f42a75c83a2ceecaa9) Importer(2089858483,0ecaa5967403d082aa24f35e1b516d23)
Start importing Assets/JMO Assets/WarFX/Mobile/Textures/Bullet Holes/WFXM_T_BulletHoles Wood.tga using Guid(22b2fb4b5fccb7f42a75c83a2ceecaa9) Importer(2089858483,0ecaa5967403d082aa24f35e1b516d23) Generated GUIDs only implemented for interfaces!
 -> (artifact id: 'db124a46d7088c1100d0b3813db07457') in 0.058954 seconds
Number of updated asset objects reloaded before import = 0
Number of asset objects unloaded after import = 1
========================================================================
Received Import Request.
  Time since last request: 0.000222 seconds.
  path: Assets/JMO Assets/WarFX/Mobile/Materials/Misc/WFXM_M_StretchPalet.mat
  artifactKey: Guid(ae862d3e96e550448b065f9e4e239fa6) Importer(2089858483,0ecaa5967403d082aa24f35e1b516d23)
Start importing Assets/JMO Assets/WarFX/Mobile/Materials/Misc/WFXM_M_StretchPalet.mat using Guid(ae862d3e96e550448b065f9e4e239fa6) Importer(2089858483,0ecaa5967403d082aa24f35e1b516d23) Generated GUIDs only implemented for interfaces!
 -> (artifact id: 'b1f7cdaeb4c9e245e25647ddf5e56c60') in 0.042651 seconds
Number of updated asset objects reloaded before import = 0
Number of asset objects unloaded after import = 2
========================================================================
Received Import Request.
  Time since last request: 0.000058 seconds.
  path: Assets/JMO Assets/WarFX/Mobile/Textures/MuzzleFlashes/WFXM_T_MF Side RIFLE1 A8.png
  artifactKey: Guid(af192a8ff3392cf489f256b2b152e039) Importer(2089858483,0ecaa5967403d082aa24f35e1b516d23)
Start importing Assets/JMO Assets/WarFX/Mobile/Textures/MuzzleFlashes/WFXM_T_MF Side RIFLE1 A8.png using Guid(af192a8ff3392cf489f256b2b152e039) Importer(2089858483,0ecaa5967403d082aa24f35e1b516d23) Generated GUIDs only implemented for interfaces!
 -> (artifact id: 'e3da4ece4a05c3433bc8f934f60b9936') in 0.063686 seconds
Number of updated asset objects reloaded before import = 0
Number of asset objects unloaded after import = 1
========================================================================
Received Import Request.
  Time since last request: 0.000017 seconds.
  path: Assets/JMO Assets/WarFX/_Effects (Mobile)/Explosions/WFXMR_ExplosiveSmoke Big.prefab
  artifactKey: Guid(1ae4db7b36e51124b89d2b32303a7a0b) Importer(2089858483,3d70f49cd1c2eb9ae422958d1c652c6b)
Start importing Assets/JMO Assets/WarFX/_Effects (Mobile)/Explosions/WFXMR_ExplosiveSmoke Big.prefab using Guid(1ae4db7b36e51124b89d2b32303a7a0b) Importer(2089858483,3d70f49cd1c2eb9ae422958d1c652c6b) Generated GUIDs only implemented for interfaces!
 -> (artifact id: '9d3e6dddf51c36532d3b4023e2fa5753') in 0.039563 seconds
Number of updated asset objects reloaded before import = 0
Number of asset objects unloaded after import = 30
========================================================================
Received Import Request.
  Time since last request: 0.000021 seconds.
  path: Assets/JMO Assets/WarFX/_Effects/Smoke/Color Variants/WFX_SmokeGrenade AlphaBlend Purple.prefab
  artifactKey: Guid(7cde0416639579a4787e7142ede5fd5f) Importer(2089858483,0ecaa5967403d082aa24f35e1b516d23)
Start importing Assets/JMO Assets/WarFX/_Effects/Smoke/Color Variants/WFX_SmokeGrenade AlphaBlend Purple.prefab using Guid(7cde0416639579a4787e7142ede5fd5f) Importer(2089858483,0ecaa5967403d082aa24f35e1b516d23) Generated GUIDs only implemented for interfaces!
 -> (artifact id: '69523f5f66b73251a272f91da694479e') in 0.141325 seconds
Number of updated asset objects reloaded before import = 0
Number of asset objects unloaded after import = 11
========================================================================
Received Import Request.
  Time since last request: 0.000022 seconds.
  path: Assets/JMO Assets/WarFX/_Effects/Fire/Black Smoke/WFX_GazFireBig (Black Smoke).prefab
  artifactKey: Guid(977bc30ff641de44bbf012f86491b775) Importer(2089858483,0ecaa5967403d082aa24f35e1b516d23)
Start importing Assets/JMO Assets/WarFX/_Effects/Fire/Black Smoke/WFX_GazFireBig (Black Smoke).prefab using Guid(977bc30ff641de44bbf012f86491b775) Importer(2089858483,0ecaa5967403d082aa24f35e1b516d23) Generated GUIDs only implemented for interfaces!
 -> (artifact id: '933cd4803118d23ab5878e553f1e0762') in 0.126901 seconds
Number of updated asset objects reloaded before import = 0
Number of asset objects unloaded after import = 15
========================================================================
Received Import Request.
  Time since last request: 0.000034 seconds.
  path: Assets/JMO Assets/WarFX/_Effects/Smoke/Color Variants/WFX_SmokeGrenade Blue.prefab
  artifactKey: Guid(fea95a8674a12ca469d953eefadb847c) Importer(2089858483,0ecaa5967403d082aa24f35e1b516d23)
Start importing Assets/JMO Assets/WarFX/_Effects/Smoke/Color Variants/WFX_SmokeGrenade Blue.prefab using Guid(fea95a8674a12ca469d953eefadb847c) Importer(2089858483,0ecaa5967403d082aa24f35e1b516d23) Generated GUIDs only implemented for interfaces!
 -> (artifact id: '8586bc08f948f1492144c1ab5d2ff7c1') in 0.145978 seconds
Number of updated asset objects reloaded before import = 0
Number of asset objects unloaded after import = 11
========================================================================
Received Import Request.
  Time since last request: 0.000504 seconds.
  path: Assets/JMO Assets/WarFX/_Effects/MuzzleFlashes/FPS/WFX_MF FPS RIFLE3.prefab
  artifactKey: Guid(8eaaa4f553116f44b8459bc24201c514) Importer(2089858483,0ecaa5967403d082aa24f35e1b516d23)
Start importing Assets/JMO Assets/WarFX/_Effects/MuzzleFlashes/FPS/WFX_MF FPS RIFLE3.prefab using Guid(8eaaa4f553116f44b8459bc24201c514) Importer(2089858483,0ecaa5967403d082aa24f35e1b516d23) Generated GUIDs only implemented for interfaces!
 -> (artifact id: 'aaa15a80c573be55e68853dd477a8e50') in 0.121327 seconds
Number of updated asset objects reloaded before import = 0
Number of asset objects unloaded after import = 20
========================================================================
Received Import Request.
  Time since last request: 0.000023 seconds.
  path: Assets/JMO Assets/WarFX/_Effects/Bullet Impacts/+ Bullet Hole/Unlit/WFX_BImpact Concrete + Hole Unlit.prefab
  artifactKey: Guid(94a130fb17f1cae4388a8fe1d8bd3055) Importer(2089858483,0ecaa5967403d082aa24f35e1b516d23)
Start importing Assets/JMO Assets/WarFX/_Effects/Bullet Impacts/+ Bullet Hole/Unlit/WFX_BImpact Concrete + Hole Unlit.prefab using Guid(94a130fb17f1cae4388a8fe1d8bd3055) Importer(2089858483,0ecaa5967403d082aa24f35e1b516d23) Generated GUIDs only implemented for interfaces!
 -> (artifact id: '3a3179d2cefbd94411d4a8582110eb6d') in 0.125200 seconds
Number of updated asset objects reloaded before import = 0
Number of asset objects unloaded after import = 21
========================================================================
Received Import Request.
  Time since last request: 0.000160 seconds.
  path: Assets/JMO Assets/WarFX/_Effects (Mobile)/Bullet Impacts/+ Bullet Hole/Unlit/WFXMR_BImpact Concrete + Hole Unlit.prefab
  artifactKey: Guid(382c72524bd69044fae222eefa70563a) Importer(2089858483,0ecaa5967403d082aa24f35e1b516d23)
Start importing Assets/JMO Assets/WarFX/_Effects (Mobile)/Bullet Impacts/+ Bullet Hole/Unlit/WFXMR_BImpact Concrete + Hole Unlit.prefab using Guid(382c72524bd69044fae222eefa70563a) Importer(2089858483,0ecaa5967403d082aa24f35e1b516d23) Generated GUIDs only implemented for interfaces!
 -> (artifact id: '37ebedc0a08f2d215eccd4712acf2c09') in 0.145545 seconds
Number of updated asset objects reloaded before import = 0
Number of asset objects unloaded after import = 21
========================================================================
Received Import Request.
  Time since last request: 0.000023 seconds.
  path: Assets/JMO Assets/WarFX/_Effects (Mobile)/Smoke/Color Variants/WFXMR_SmokeGrenade AlphaBlend Green.prefab
  artifactKey: Guid(1b965847239ef1b4bb7bf9b94bd359af) Importer(2089858483,0ecaa5967403d082aa24f35e1b516d23)
Start importing Assets/JMO Assets/WarFX/_Effects (Mobile)/Smoke/Color Variants/WFXMR_SmokeGrenade AlphaBlend Green.prefab using Guid(1b965847239ef1b4bb7bf9b94bd359af) Importer(2089858483,0ecaa5967403d082aa24f35e1b516d23) Generated GUIDs only implemented for interfaces!
 -> (artifact id: '032d80e760d97bca402b1470cabe4170') in 0.126483 seconds
Number of updated asset objects reloaded before import = 0
Number of asset objects unloaded after import = 11
========================================================================
Received Import Request.
  Time since last request: 0.000038 seconds.
  path: Assets/JMO Assets/WarFX/_Effects (Mobile)/Bullet Impacts/+ Bullet Hole/Lit/WFXMR_BImpact Concrete + Hole Lit.prefab
  artifactKey: Guid(1713e531a06d4d547acdc97e2f7f03e6) Importer(2089858483,0ecaa5967403d082aa24f35e1b516d23)
Start importing Assets/JMO Assets/WarFX/_Effects (Mobile)/Bullet Impacts/+ Bullet Hole/Lit/WFXMR_BImpact Concrete + Hole Lit.prefab using Guid(1713e531a06d4d547acdc97e2f7f03e6) Importer(2089858483,0ecaa5967403d082aa24f35e1b516d23) Generated GUIDs only implemented for interfaces!
 -> (artifact id: '1736cad9faa6d923b93e41d21abc8970') in 0.124597 seconds
Number of updated asset objects reloaded before import = 0
Number of asset objects unloaded after import = 21
========================================================================
Received Import Request.
  Time since last request: 0.000028 seconds.
  path: Assets/JMO Assets/WarFX/_Effects (Mobile)/Fire/Black Smoke/WFXMR_Fire SmallFlame (Black Smoke).prefab
  artifactKey: Guid(5a79c272515d52a48b3b71828bfdd401) Importer(2089858483,0ecaa5967403d082aa24f35e1b516d23)
Start importing Assets/JMO Assets/WarFX/_Effects (Mobile)/Fire/Black Smoke/WFXMR_Fire SmallFlame (Black Smoke).prefab using Guid(5a79c272515d52a48b3b71828bfdd401) Importer(2089858483,0ecaa5967403d082aa24f35e1b516d23) Generated GUIDs only implemented for interfaces!
 -> (artifact id: '685a573adc1ec1ec6a722b7502c6bae5') in 0.126612 seconds
Number of updated asset objects reloaded before import = 0
Number of asset objects unloaded after import = 15
========================================================================
Received Import Request.
  Time since last request: 0.000019 seconds.
  path: Assets/JMO Assets/WarFX/_Effects (Mobile)/Fire/No Smoke/WFXMR_Fire SmallFlame (No Smoke).prefab
  artifactKey: Guid(15e8f89070af2684aad3f27c56611515) Importer(2089858483,0ecaa5967403d082aa24f35e1b516d23)
Start importing Assets/JMO Assets/WarFX/_Effects (Mobile)/Fire/No Smoke/WFXMR_Fire SmallFlame (No Smoke).prefab using Guid(15e8f89070af2684aad3f27c56611515) Importer(2089858483,0ecaa5967403d082aa24f35e1b516d23) Generated GUIDs only implemented for interfaces!
 -> (artifact id: 'df75e71fd529ab7f07625b2eb5eeb104') in 0.136788 seconds
Number of updated asset objects reloaded before import = 0
Number of asset objects unloaded after import = 11
========================================================================
Received Import Request.
  Time since last request: 0.000022 seconds.
  path: Assets/JMO Assets/WarFX/Demo/UI Canvas/CFX Demo Btn SlowMo H.png
  artifactKey: Guid(48624f05b683e4a4ab1a142e40fd6971) Importer(2089858483,0ecaa5967403d082aa24f35e1b516d23)
Start importing Assets/JMO Assets/WarFX/Demo/UI Canvas/CFX Demo Btn SlowMo H.png using Guid(48624f05b683e4a4ab1a142e40fd6971) Importer(2089858483,0ecaa5967403d082aa24f35e1b516d23) Generated GUIDs only implemented for interfaces!
 -> (artifact id: '183e6609ad3eaa11d173384ffdd4035d') in 0.086035 seconds
Number of updated asset objects reloaded before import = 0
Number of asset objects unloaded after import = 3
========================================================================
Received Import Request.
  Time since last request: 0.000033 seconds.
  path: Assets/JMO Assets/WarFX/Mobile/Textures/Smoke/WFXM_T_SmokeSpikeStretched A8.tga
  artifactKey: Guid(3d5bde7f288675e46aa301ac5bb9a959) Importer(2089858483,0ecaa5967403d082aa24f35e1b516d23)
Start importing Assets/JMO Assets/WarFX/Mobile/Textures/Smoke/WFXM_T_SmokeSpikeStretched A8.tga using Guid(3d5bde7f288675e46aa301ac5bb9a959) Importer(2089858483,0ecaa5967403d082aa24f35e1b516d23) Generated GUIDs only implemented for interfaces!
 -> (artifact id: '4336a6c1621c00a4154ac6a3aa4c59ed') in 0.115918 seconds
Number of updated asset objects reloaded before import = 0
Number of asset objects unloaded after import = 1
========================================================================
Received Prepare
Shader 'WFX/Transparent Diffuse': fallback shader 'Particles/Alpha Blended' not found
Shader 'WFX/Transparent Specular': fallback shader 'Particles/Alpha Blended' not found
Refreshing native plugins compatible for Editor in 7.75 ms, found 3 plugins.
Preloading 0 native plugins for Editor in 0.00 ms.
Unloading 5 Unused Serialized files (Serialized files now loaded: 0)
Unloading 6 unused Assets / (0.7 MB). Loaded Objects now: 5949.
Memory consumption went from 114.4 MB to 113.7 MB.
Total: 87.053700 ms (FindLiveObjects: 0.697000 ms CreateObjectMapping: 0.664900 ms MarkObjects: 85.266800 ms  DeleteObjects: 0.423800 ms)

Prepare: number of updated asset objects reloaded= 0
AssetImportParameters requested are different than current active one (requested -> active):
  custom:container-demuxer-ogg: 62fdf1f143b41e24485cea50d1cbac27 -> 
  custom:video-decoder-ogg-theora: a1e56fd34408186e4bbccfd4996cb3dc -> 
  custom:framework-win-MediaFoundation: 216162199b28c13a410421893ffa2e32 -> 
  custom:CustomObjectIndexerAttribute: a3ef5dd2817f97addfee359851a9dba5 -> 
  custom:container-demuxer-webm: 4f35f7cbe854078d1ac9338744f61a02 -> 
  custom:container-muxer-webm: aa71ff27fc2769a1b78a27578f13a17b -> 
  custom:video-decoder-webm-vp8: 9c59270c3fd7afecdb556c50c9e8de78 -> 
  custom:SearchIndexIgnoredProperties: e643bd26f0fe6173181afceb89e7c659 -> 
  custom:AudioImporter_EditorPlatform: d09bf68614088b80899f8185d706f6e7 -> 
  custom:video-encoder-webm-vp8: eb34c28f22e8b96e1ab97ce403110664 -> 
  custom:audio-decoder-ogg-vorbis: bf7c407c2cedff20999df2af8eb42d56 -> 
  custom:audio-encoder-webm-vorbis: bf7c407c2cedff20999df2af8eb42d56 -> 
========================================================================
Received Prepare
Shader 'WFX/Transparent Diffuse': fallback shader 'Particles/Alpha Blended' not found
Shader 'WFX/Transparent Specular': fallback shader 'Particles/Alpha Blended' not found
Refreshing native plugins compatible for Editor in 4.78 ms, found 3 plugins.
Preloading 0 native plugins for Editor in 0.00 ms.
Unloading 63 Unused Serialized files (Serialized files now loaded: 0)
Unloading 4 unused Assets / (377.3 KB). Loaded Objects now: 6009.
Memory consumption went from 128.0 MB to 127.7 MB.
Total: 55.736200 ms (FindLiveObjects: 47.457100 ms CreateObjectMapping: 1.890100 ms MarkObjects: 6.121800 ms  DeleteObjects: 0.265500 ms)

Prepare: number of updated asset objects reloaded= 0
AssetImportParameters requested are different than current active one (requested -> active):
  custom:container-demuxer-ogg: 62fdf1f143b41e24485cea50d1cbac27 -> 
  custom:video-decoder-ogg-theora: a1e56fd34408186e4bbccfd4996cb3dc -> 
  custom:framework-win-MediaFoundation: 216162199b28c13a410421893ffa2e32 -> 
  custom:CustomObjectIndexerAttribute: a3ef5dd2817f97addfee359851a9dba5 -> 
  custom:container-demuxer-webm: 4f35f7cbe854078d1ac9338744f61a02 -> 
  custom:container-muxer-webm: aa71ff27fc2769a1b78a27578f13a17b -> 
  custom:video-decoder-webm-vp8: 9c59270c3fd7afecdb556c50c9e8de78 -> 
  custom:SearchIndexIgnoredProperties: e643bd26f0fe6173181afceb89e7c659 -> 
  custom:AudioImporter_EditorPlatform: d09bf68614088b80899f8185d706f6e7 -> 
  custom:video-encoder-webm-vp8: eb34c28f22e8b96e1ab97ce403110664 -> 
  custom:audio-decoder-ogg-vorbis: bf7c407c2cedff20999df2af8eb42d56 -> 
  custom:audio-encoder-webm-vorbis: bf7c407c2cedff20999df2af8eb42d56 -> 
Editor requested this worker to shutdown with reason: balancing worker count downwards
TcpMessagingSession - receive error: operation aborted. errorcode: 995, details: Operacja We/Wy zosta³a przerwana z powodu zakoñczenia w¹tku lub ¿¹dania aplikacji.
AssetImportWorker is now disconnected from the server
Process exiting
Exiting without the bug reporter. Application will terminate with return code 0